
Gurobi 10.0.1 (linux64, gurobi_cl) logging started Fri Mar  3 11:02:12 2023

Set parameter Username
Set parameter LogFile to value "gurobi.log"
Academic license - for non-commercial use only - expires 2024-02-24
Using license file /home/agatha/gurobi.lic

Gurobi 10.0.1 (linux64, gurobi_cl) logging started Fri Mar  3 11:02:34 2023

Set parameter Username
Set parameter LogFile to value "gurobi.log"
Academic license - for non-commercial use only - expires 2024-02-24
Using license file /home/agatha/gurobi.lic

Gurobi 10.0.1 (linux64, gurobi_cl) logging started Fri Mar  3 11:04:51 2023

Set parameter Username
Set parameter LogFile to value "gurobi.log"
Academic license - for non-commercial use only - expires 2024-02-24
Using license file /home/agatha/gurobi.lic

Gurobi 10.0.1 (linux64, gurobi_cl) logging started Fri Mar  3 11:15:14 2023

Set parameter Username
Set parameter LogFile to value "gurobi.log"
Academic license - for non-commercial use only - expires 2024-02-24
Using license file /home/agatha/gurobi.lic

Gurobi 10.0.1 (linux64, gurobi_cl) logging started Fri Mar  3 11:15:15 2023

Set parameter Username
Set parameter LogFile to value "gurobi.log"
Academic license - for non-commercial use only - expires 2024-02-24
Using license file /home/agatha/gurobi.lic

Gurobi 10.0.1 (linux64, gurobi_cl) logging started Fri Mar  3 11:17:21 2023

Set parameter Username
Set parameter LogFile to value "gurobi.log"
Academic license - for non-commercial use only - expires 2024-02-24
Using license file /home/agatha/gurobi.lic

Gurobi 10.0.1 (linux64, gurobi_cl) logging started Fri Mar  3 11:35:16 2023

Set parameter Username
Set parameter LogFile to value "gurobi.log"
Academic license - for non-commercial use only - expires 2024-02-24
Using license file /home/agatha/gurobi.lic

Gurobi 10.0.1 (linux64, gurobi_cl) logging started Fri Mar  3 11:39:58 2023

Set parameter Username
Set parameter LogFile to value "gurobi.log"
Academic license - for non-commercial use only - expires 2024-02-24
Using license file /home/agatha/gurobi.lic

Gurobi 10.0.1 (linux64, gurobi_cl) logging started Fri Mar  3 11:39:59 2023

Set parameter Username
Set parameter LogFile to value "gurobi.log"
Academic license - for non-commercial use only - expires 2024-02-24
Using license file /home/agatha/gurobi.lic

Gurobi 10.0.1 (linux64, gurobi_cl) logging started Fri Mar  3 12:37:36 2023

Set parameter Username
Set parameter LogFile to value "gurobi.log"
Academic license - for non-commercial use only - expires 2024-02-24
Using license file /home/agatha/gurobi.lic

Gurobi 10.0.1 (linux64, gurobi_cl) logging started Fri Mar  3 12:42:22 2023

Set parameter Username
Set parameter LogFile to value "gurobi.log"
Academic license - for non-commercial use only - expires 2024-02-24
Using license file /home/agatha/gurobi.lic

Gurobi 10.0.1 (linux64, gurobi_cl) logging started Fri Mar  3 12:42:23 2023

Set parameter Username
Set parameter LogFile to value "gurobi.log"
Academic license - for non-commercial use only - expires 2024-02-24
Using license file /home/agatha/gurobi.lic

Gurobi 10.0.1 (linux64, gurobi_cl) logging started Fri Mar  3 13:03:26 2023

Set parameter Username
Set parameter LogFile to value "gurobi.log"
Academic license - for non-commercial use only - expires 2024-02-24
Using license file /home/agatha/gurobi.lic

Gurobi 10.0.1 (linux64, gurobi_cl) logging started Fri Mar  3 13:05:17 2023

Set parameter Username
Set parameter LogFile to value "gurobi.log"
Academic license - for non-commercial use only - expires 2024-02-24
Using license file /home/agatha/gurobi.lic

Gurobi 10.0.1 (linux64, gurobi_cl) logging started Fri Mar  3 13:10:07 2023

Set parameter Username
Set parameter LogFile to value "gurobi.log"
Academic license - for non-commercial use only - expires 2024-02-24
Using license file /home/agatha/gurobi.lic

Gurobi 10.0.1 (linux64, gurobi_cl) logging started Fri Mar  3 13:13:52 2023

Set parameter Username
Set parameter LogFile to value "gurobi.log"
Academic license - for non-commercial use only - expires 2024-02-24
Using license file /home/agatha/gurobi.lic

Gurobi 10.0.1 (linux64, gurobi_cl) logging started Fri Mar  3 13:15:58 2023

Set parameter Username
Set parameter LogFile to value "gurobi.log"
Academic license - for non-commercial use only - expires 2024-02-24
Using license file /home/agatha/gurobi.lic

Gurobi 10.0.1 (linux64, gurobi_cl) logging started Fri Mar  3 13:18:42 2023

Set parameter Username
Set parameter LogFile to value "gurobi.log"
Academic license - for non-commercial use only - expires 2024-02-24
Using license file /home/agatha/gurobi.lic

Gurobi 10.0.1 (linux64, gurobi_cl) logging started Fri Mar  3 13:20:49 2023

Set parameter Username
Set parameter LogFile to value "gurobi.log"
Academic license - for non-commercial use only - expires 2024-02-24
Using license file /home/agatha/gurobi.lic

Gurobi 10.0.1 (linux64, gurobi_cl) logging started Fri Mar  3 13:39:22 2023

Set parameter Username
Set parameter LogFile to value "gurobi.log"
Academic license - for non-commercial use only - expires 2024-02-24
Using license file /home/agatha/gurobi.lic

Gurobi 10.0.1 (linux64, gurobi_cl) logging started Fri Mar  3 13:39:24 2023

Set parameter Username
Set parameter LogFile to value "gurobi.log"
Academic license - for non-commercial use only - expires 2024-02-24
Using license file /home/agatha/gurobi.lic

Gurobi 10.0.1 (linux64, gurobi_cl) logging started Fri Mar  3 13:52:23 2023

Set parameter Username
Set parameter LogFile to value "gurobi.log"
Academic license - for non-commercial use only - expires 2024-02-24
Using license file /home/agatha/gurobi.lic

Gurobi 10.0.1 (linux64, gurobi_cl) logging started Fri Mar  3 13:52:24 2023

Set parameter Username
Set parameter LogFile to value "gurobi.log"
Academic license - for non-commercial use only - expires 2024-02-24
Using license file /home/agatha/gurobi.lic

Gurobi 10.0.1 (linux64, gurobi_cl) logging started Fri Mar  3 14:12:45 2023

Set parameter Username
Set parameter LogFile to value "gurobi.log"
Academic license - for non-commercial use only - expires 2024-02-24
Using license file /home/agatha/gurobi.lic

Gurobi 10.0.1 (linux64, gurobi_cl) logging started Fri Mar  3 14:12:46 2023

Set parameter Username
Set parameter LogFile to value "gurobi.log"
Academic license - for non-commercial use only - expires 2024-02-24
Using license file /home/agatha/gurobi.lic

Gurobi 10.0.1 (linux64, gurobi_cl) logging started Fri Mar  3 14:17:39 2023

Set parameter Username
Set parameter LogFile to value "gurobi.log"
Academic license - for non-commercial use only - expires 2024-02-24
Using license file /home/agatha/gurobi.lic

Gurobi 10.0.1 (linux64, gurobi_cl) logging started Fri Mar  3 14:17:40 2023

Set parameter Username
Set parameter LogFile to value "gurobi.log"
Academic license - for non-commercial use only - expires 2024-02-24
Using license file /home/agatha/gurobi.lic

Gurobi 10.0.1 (linux64, gurobi_cl) logging started Fri Mar  3 14:27:50 2023

Set parameter Username
Set parameter LogFile to value "gurobi.log"
Academic license - for non-commercial use only - expires 2024-02-24
Using license file /home/agatha/gurobi.lic

Gurobi 10.0.1 (linux64, gurobi_cl) logging started Fri Mar  3 14:27:51 2023

Set parameter Username
Set parameter LogFile to value "gurobi.log"
Academic license - for non-commercial use only - expires 2024-02-24
Using license file /home/agatha/gurobi.lic

Gurobi 10.0.1 (linux64, gurobi_cl) logging started Fri Mar  3 14:30:52 2023

Set parameter Username
Set parameter LogFile to value "gurobi.log"
Academic license - for non-commercial use only - expires 2024-02-24
Using license file /home/agatha/gurobi.lic

Gurobi 10.0.1 (linux64, gurobi_cl) logging started Fri Mar  3 14:30:53 2023

Set parameter Username
Set parameter LogFile to value "gurobi.log"
Academic license - for non-commercial use only - expires 2024-02-24
Using license file /home/agatha/gurobi.lic

Gurobi 10.0.1 (linux64, gurobi_cl) logging started Fri Mar  3 14:34:43 2023

Set parameter Username
Set parameter LogFile to value "gurobi.log"
Academic license - for non-commercial use only - expires 2024-02-24
Using license file /home/agatha/gurobi.lic

Gurobi 10.0.1 (linux64, gurobi_cl) logging started Fri Mar  3 14:34:44 2023

Set parameter Username
Set parameter LogFile to value "gurobi.log"
Academic license - for non-commercial use only - expires 2024-02-24
Using license file /home/agatha/gurobi.lic

Gurobi 10.0.1 (linux64, gurobi_cl) logging started Sat Mar  4 00:18:32 2023

Set parameter Username
Set parameter LogFile to value "gurobi.log"
Academic license - for non-commercial use only - expires 2024-02-24
Using license file /home/agatha/gurobi.lic

Gurobi 10.0.1 (linux64, gurobi_cl) logging started Sat Mar  4 01:08:17 2023

Set parameter Username
Set parameter LogFile to value "gurobi.log"
Academic license - for non-commercial use only - expires 2024-02-24
Using license file /home/agatha/gurobi.lic

Gurobi 10.0.1 (linux64, gurobi_cl) logging started Sat Mar  4 01:10:39 2023

Set parameter Username
Set parameter LogFile to value "gurobi.log"
Academic license - for non-commercial use only - expires 2024-02-24
Using license file /home/agatha/gurobi.lic

Gurobi 10.0.1 (linux64, gurobi_cl) logging started Sat Mar  4 01:26:38 2023

Set parameter Username
Set parameter LogFile to value "gurobi.log"
Academic license - for non-commercial use only - expires 2024-02-24
Using license file /home/agatha/gurobi.lic

Gurobi 10.0.1 (linux64, gurobi_cl) logging started Sat Mar  4 01:28:45 2023

Set parameter Username
Set parameter LogFile to value "gurobi.log"
Academic license - for non-commercial use only - expires 2024-02-24
Using license file /home/agatha/gurobi.lic

Gurobi 10.0.1 (linux64, gurobi_cl) logging started Sat Mar  4 01:34:15 2023

Set parameter Username
Set parameter LogFile to value "gurobi.log"
Academic license - for non-commercial use only - expires 2024-02-24
Using license file /home/agatha/gurobi.lic

Gurobi 10.0.1 (linux64, gurobi_cl) logging started Sat Mar  4 01:36:14 2023

Set parameter Username
Set parameter LogFile to value "gurobi.log"
Academic license - for non-commercial use only - expires 2024-02-24
Using license file /home/agatha/gurobi.lic

Gurobi 10.0.1 (linux64, gurobi_cl) logging started Sat Mar  4 01:45:22 2023

Set parameter Username
Set parameter LogFile to value "gurobi.log"
Academic license - for non-commercial use only - expires 2024-02-24
Using license file /home/agatha/gurobi.lic

Gurobi 10.0.1 (linux64, gurobi_cl) logging started Sat Mar  4 01:48:12 2023

Set parameter Username
Set parameter LogFile to value "gurobi.log"
Academic license - for non-commercial use only - expires 2024-02-24
Using license file /home/agatha/gurobi.lic

Gurobi 10.0.1 (linux64, gurobi_cl) logging started Sat Mar  4 01:50:51 2023

Set parameter Username
Set parameter LogFile to value "gurobi.log"
Academic license - for non-commercial use only - expires 2024-02-24
Using license file /home/agatha/gurobi.lic

Gurobi 10.0.1 (linux64, gurobi_cl) logging started Sat Mar  4 01:52:56 2023

Set parameter Username
Set parameter LogFile to value "gurobi.log"
Academic license - for non-commercial use only - expires 2024-02-24
Using license file /home/agatha/gurobi.lic

Gurobi 10.0.1 (linux64, gurobi_cl) logging started Sat Mar  4 18:08:05 2023

Set parameter Username
Set parameter LogFile to value "gurobi.log"
Academic license - for non-commercial use only - expires 2024-02-24
Using license file /home/agatha/gurobi.lic

Gurobi 10.0.1 (linux64, gurobi_cl) logging started Sat Mar  4 18:27:48 2023

Set parameter Username
Set parameter LogFile to value "gurobi.log"
Academic license - for non-commercial use only - expires 2024-02-24
Using license file /home/agatha/gurobi.lic

Gurobi 10.0.1 (linux64, gurobi_cl) logging started Sat Mar  4 18:50:27 2023

Set parameter Username
Set parameter LogFile to value "gurobi.log"
Academic license - for non-commercial use only - expires 2024-02-24
Using license file /home/agatha/gurobi.lic

Gurobi 10.0.1 (linux64, gurobi_cl) logging started Sat Mar  4 19:03:04 2023

Set parameter Username
Set parameter LogFile to value "gurobi.log"
Academic license - for non-commercial use only - expires 2024-02-24
Using license file /home/agatha/gurobi.lic

Gurobi 10.0.1 (linux64, gurobi_cl) logging started Sat Mar  4 19:06:26 2023

Set parameter Username
Set parameter LogFile to value "gurobi.log"
Academic license - for non-commercial use only - expires 2024-02-24
Using license file /home/agatha/gurobi.lic

Gurobi 10.0.1 (linux64, gurobi_cl) logging started Sat Mar  4 19:39:53 2023

Set parameter Username
Set parameter LogFile to value "gurobi.log"
Academic license - for non-commercial use only - expires 2024-02-24
Using license file /home/agatha/gurobi.lic

Gurobi 10.0.1 (linux64, gurobi_cl) logging started Sat Mar  4 19:58:14 2023

Set parameter Username
Set parameter LogFile to value "gurobi.log"
Academic license - for non-commercial use only - expires 2024-02-24
Using license file /home/agatha/gurobi.lic

Gurobi 10.0.1 (linux64, gurobi_cl) logging started Sat Mar  4 20:06:03 2023

Set parameter Username
Set parameter LogFile to value "gurobi.log"
Academic license - for non-commercial use only - expires 2024-02-24
Using license file /home/agatha/gurobi.lic

Gurobi 10.0.1 (linux64, gurobi_cl) logging started Sun Mar  5 14:44:32 2023

Set parameter Username
Set parameter LogFile to value "gurobi.log"
Academic license - for non-commercial use only - expires 2024-02-24
Using license file /home/agatha/gurobi.lic

Gurobi 10.0.1 (linux64, gurobi_cl) logging started Sun Mar  5 14:46:30 2023

Set parameter Username
Set parameter LogFile to value "gurobi.log"
Academic license - for non-commercial use only - expires 2024-02-24
Using license file /home/agatha/gurobi.lic

Gurobi 10.0.1 (linux64, gurobi_cl) logging started Sun Mar  5 14:52:36 2023

Set parameter Username
Set parameter LogFile to value "gurobi.log"
Academic license - for non-commercial use only - expires 2024-02-24
Using license file /home/agatha/gurobi.lic

Gurobi 10.0.1 (linux64, gurobi_cl) logging started Sun Mar  5 14:52:37 2023

Set parameter Username
Set parameter LogFile to value "gurobi.log"
Academic license - for non-commercial use only - expires 2024-02-24
Using license file /home/agatha/gurobi.lic

Gurobi 10.0.1 (linux64, gurobi_cl) logging started Sun Mar  5 15:16:15 2023

Set parameter Username
Set parameter LogFile to value "gurobi.log"
Academic license - for non-commercial use only - expires 2024-02-24
Using license file /home/agatha/gurobi.lic

Gurobi 10.0.1 (linux64, gurobi_cl) logging started Sun Mar  5 15:16:17 2023

Set parameter Username
Set parameter LogFile to value "gurobi.log"
Academic license - for non-commercial use only - expires 2024-02-24
Using license file /home/agatha/gurobi.lic

Gurobi 10.0.1 (linux64, gurobi_cl) logging started Sun Mar  5 15:18:21 2023

Set parameter Username
Set parameter LogFile to value "gurobi.log"
Academic license - for non-commercial use only - expires 2024-02-24
Using license file /home/agatha/gurobi.lic

Gurobi 10.0.1 (linux64, gurobi_cl) logging started Sun Mar  5 15:20:20 2023

Set parameter Username
Set parameter LogFile to value "gurobi.log"
Academic license - for non-commercial use only - expires 2024-02-24
Using license file /home/agatha/gurobi.lic

Gurobi 10.0.1 (linux64, gurobi_cl) logging started Sun Mar  5 15:22:13 2023

Set parameter Username
Set parameter LogFile to value "gurobi.log"
Academic license - for non-commercial use only - expires 2024-02-24
Using license file /home/agatha/gurobi.lic

Gurobi 10.0.1 (linux64, gurobi_cl) logging started Sun Mar  5 15:26:22 2023

Set parameter Username
Set parameter LogFile to value "gurobi.log"
Academic license - for non-commercial use only - expires 2024-02-24
Using license file /home/agatha/gurobi.lic

Gurobi 10.0.1 (linux64, gurobi_cl) logging started Sun Mar  5 15:41:55 2023

Set parameter Username
Set parameter LogFile to value "gurobi.log"
Academic license - for non-commercial use only - expires 2024-02-24
Using license file /home/agatha/gurobi.lic

Gurobi 10.0.1 (linux64, gurobi_cl) logging started Sun Mar  5 15:46:08 2023

Set parameter Username
Set parameter LogFile to value "gurobi.log"
Academic license - for non-commercial use only - expires 2024-02-24
Using license file /home/agatha/gurobi.lic

Gurobi 10.0.1 (linux64, gurobi_cl) logging started Sun Mar  5 17:14:17 2023

Set parameter Username
Set parameter LogFile to value "gurobi.log"
Academic license - for non-commercial use only - expires 2024-02-24
Using license file /home/agatha/gurobi.lic

Gurobi 10.0.1 (linux64, gurobi_cl) logging started Sun Mar  5 17:18:33 2023

Set parameter Username
Set parameter LogFile to value "gurobi.log"
Academic license - for non-commercial use only - expires 2024-02-24
Using license file /home/agatha/gurobi.lic

Gurobi 10.0.1 (linux64, gurobi_cl) logging started Sun Mar  5 17:32:06 2023

Set parameter Username
Set parameter LogFile to value "gurobi.log"
Academic license - for non-commercial use only - expires 2024-02-24
Using license file /home/agatha/gurobi.lic

Gurobi 10.0.1 (linux64, gurobi_cl) logging started Sun Mar  5 17:32:08 2023

Set parameter Username
Set parameter LogFile to value "gurobi.log"
Academic license - for non-commercial use only - expires 2024-02-24
Using license file /home/agatha/gurobi.lic

Gurobi 10.0.1 (linux64, gurobi_cl) logging started Mon Mar  6 08:56:29 2023

Set parameter Username
Set parameter LogFile to value "gurobi.log"
Academic license - for non-commercial use only - expires 2024-02-24
Using license file /home/agatha/gurobi.lic

Gurobi 10.0.1 (linux64, gurobi_cl) logging started Mon Mar  6 09:00:52 2023

Set parameter Username
Set parameter LogFile to value "gurobi.log"
Academic license - for non-commercial use only - expires 2024-02-24
Using license file /home/agatha/gurobi.lic

Gurobi 10.0.1 (linux64, gurobi_cl) logging started Mon Mar  6 09:05:56 2023

Set parameter Username
Set parameter LogFile to value "gurobi.log"
Academic license - for non-commercial use only - expires 2024-02-24
Using license file /home/agatha/gurobi.lic

Gurobi 10.0.1 (linux64, gurobi_cl) logging started Mon Mar  6 09:08:02 2023

Set parameter Username
Set parameter LogFile to value "gurobi.log"
Academic license - for non-commercial use only - expires 2024-02-24
Using license file /home/agatha/gurobi.lic

Gurobi 10.0.1 (linux64, gurobi_cl) logging started Mon Mar  6 09:17:22 2023

Set parameter Username
Set parameter LogFile to value "gurobi.log"
Academic license - for non-commercial use only - expires 2024-02-24
Using license file /home/agatha/gurobi.lic

Gurobi 10.0.1 (linux64, gurobi_cl) logging started Mon Mar  6 09:21:45 2023

Set parameter Username
Set parameter LogFile to value "gurobi.log"
Academic license - for non-commercial use only - expires 2024-02-24
Using license file /home/agatha/gurobi.lic

Gurobi 10.0.1 (linux64, gurobi_cl) logging started Mon Mar  6 09:25:46 2023

Set parameter Username
Set parameter LogFile to value "gurobi.log"
Academic license - for non-commercial use only - expires 2024-02-24
Using license file /home/agatha/gurobi.lic

Gurobi 10.0.1 (linux64, gurobi_cl) logging started Mon Mar  6 09:26:07 2023

Set parameter Username
Set parameter LogFile to value "gurobi.log"
Academic license - for non-commercial use only - expires 2024-02-24
Using license file /home/agatha/gurobi.lic

Gurobi 10.0.1 (linux64, gurobi_cl) logging started Mon Mar  6 09:27:54 2023

Set parameter Username
Set parameter LogFile to value "gurobi.log"
Academic license - for non-commercial use only - expires 2024-02-24
Using license file /home/agatha/gurobi.lic

Gurobi 10.0.1 (linux64, gurobi_cl) logging started Mon Mar  6 09:32:10 2023

Set parameter Username
Set parameter LogFile to value "gurobi.log"
Academic license - for non-commercial use only - expires 2024-02-24
Using license file /home/agatha/gurobi.lic

Gurobi 10.0.1 (linux64, gurobi_cl) logging started Mon Mar  6 09:38:31 2023

Set parameter Username
Set parameter LogFile to value "gurobi.log"
Academic license - for non-commercial use only - expires 2024-02-24
Using license file /home/agatha/gurobi.lic

Gurobi 10.0.1 (linux64, gurobi_cl) logging started Mon Mar  6 09:38:33 2023

Set parameter Username
Set parameter LogFile to value "gurobi.log"
Academic license - for non-commercial use only - expires 2024-02-24
Using license file /home/agatha/gurobi.lic

Gurobi 10.0.1 (linux64, gurobi_cl) logging started Mon Mar  6 09:47:06 2023

Set parameter Username
Set parameter LogFile to value "gurobi.log"
Academic license - for non-commercial use only - expires 2024-02-24
Using license file /home/agatha/gurobi.lic

Gurobi 10.0.1 (linux64, gurobi_cl) logging started Mon Mar  6 09:49:40 2023

Set parameter Username
Set parameter LogFile to value "gurobi.log"
Academic license - for non-commercial use only - expires 2024-02-24
Using license file /home/agatha/gurobi.lic

Gurobi 10.0.1 (linux64, gurobi_cl) logging started Mon Mar  6 09:51:40 2023

Set parameter Username
Set parameter LogFile to value "gurobi.log"
Academic license - for non-commercial use only - expires 2024-02-24
Using license file /home/agatha/gurobi.lic

Gurobi 10.0.1 (linux64, gurobi_cl) logging started Fri Mar 10 18:48:11 2023

Set parameter Username
Set parameter LogFile to value "gurobi.log"

Gurobi 10.0.1 (linux64, gurobi_cl) logging started Fri Mar 10 18:53:20 2023

Set parameter Username
Set parameter LogFile to value "gurobi.log"
Academic license - for non-commercial use only - expires 2024-02-24
Using license file /home/agatha/gurobi.lic

Gurobi 10.0.1 (linux64, gurobi_cl) logging started Fri Mar 10 19:37:11 2023

Set parameter Username
Set parameter LogFile to value "gurobi.log"
Academic license - for non-commercial use only - expires 2024-02-24
Using license file /home/agatha/gurobi.lic

Gurobi 10.0.1 (linux64, gurobi_cl) logging started Fri Mar 10 19:41:57 2023

Set parameter Username
Set parameter LogFile to value "gurobi.log"
Academic license - for non-commercial use only - expires 2024-02-24
Using license file /home/agatha/gurobi.lic

Gurobi 10.0.1 (linux64, gurobi_cl) logging started Tue Mar 14 23:50:52 2023

Set parameter Username
Set parameter LogFile to value "gurobi.log"
Academic license - for non-commercial use only - expires 2024-02-24
Using license file /home/agatha/gurobi.lic

Gurobi 10.0.1 (linux64, gurobi_cl) logging started Tue Mar 14 23:51:59 2023

Set parameter Username
Set parameter LogFile to value "gurobi.log"
Academic license - for non-commercial use only - expires 2024-02-24
Using license file /home/agatha/gurobi.lic

Gurobi 10.0.1 (linux64, gurobi_cl) logging started Tue Mar 14 23:53:02 2023

Set parameter Username
Set parameter LogFile to value "gurobi.log"
Academic license - for non-commercial use only - expires 2024-02-24
Using license file /home/agatha/gurobi.lic

Gurobi 10.0.1 (linux64, gurobi_cl) logging started Tue Mar 14 23:53:28 2023

Set parameter Username
Set parameter LogFile to value "gurobi.log"
Academic license - for non-commercial use only - expires 2024-02-24
Using license file /home/agatha/gurobi.lic

Gurobi 10.0.1 (linux64, gurobi_cl) logging started Mon Jul 31 12:42:56 2023

Set parameter Username
Set parameter LogFile to value "gurobi.log"
Academic license - for non-commercial use only - expires 2024-02-24
Using license file /home/agatha/gurobi.lic

Gurobi 10.0.1 (linux64, gurobi_cl) logging started Wed Aug  9 11:19:50 2023

Set parameter Username
Set parameter LogFile to value "gurobi.log"
Academic license - for non-commercial use only - expires 2024-02-24
Using license file /home/agatha/gurobi.lic

Gurobi 10.0.1 (linux64, gurobi_cl) logging started Wed Aug  9 11:43:25 2023

Set parameter Username
Set parameter LogFile to value "gurobi.log"
Academic license - for non-commercial use only - expires 2024-02-24
Using license file /home/agatha/gurobi.lic

Gurobi 10.0.1 (linux64, gurobi_cl) logging started Wed Aug  9 11:44:26 2023

Set parameter Username
Set parameter LogFile to value "gurobi.log"
Academic license - for non-commercial use only - expires 2024-02-24
Using license file /home/agatha/gurobi.lic

Gurobi 10.0.1 (linux64, gurobi_cl) logging started Wed Aug  9 12:25:20 2023

Set parameter Username
Set parameter LogFile to value "gurobi.log"
Academic license - for non-commercial use only - expires 2024-02-24
Using license file /home/agatha/gurobi.lic

Gurobi 10.0.1 (linux64, gurobi_cl) logging started Wed Aug  9 12:29:56 2023

Set parameter Username
Set parameter LogFile to value "gurobi.log"
Academic license - for non-commercial use only - expires 2024-02-24
Using license file /home/agatha/gurobi.lic

Gurobi 10.0.1 (linux64, gurobi_cl) logging started Wed Aug  9 12:53:08 2023

Set parameter Username
Set parameter LogFile to value "gurobi.log"
Academic license - for non-commercial use only - expires 2024-02-24
Using license file /home/agatha/gurobi.lic

Gurobi 10.0.1 (linux64, gurobi_cl) logging started Wed Aug  9 12:55:09 2023

Set parameter Username
Set parameter LogFile to value "gurobi.log"
Academic license - for non-commercial use only - expires 2024-02-24
Using license file /home/agatha/gurobi.lic

Gurobi 10.0.1 (linux64, gurobi_cl) logging started Sat Jun  8 18:06:14 2024

Set parameter Username
Set parameter LogFile to value "gurobi.log"
Academic license - for non-commercial use only - expires 2025-04-15
Using license file /home/agatha/gurobi.lic

Gurobi 10.0.1 (linux64, gurobi_cl) logging started Sat Jun  8 18:08:17 2024

Set parameter Username
Set parameter LogFile to value "gurobi.log"
Academic license - for non-commercial use only - expires 2025-04-15
Using license file /home/agatha/gurobi.lic

Gurobi 10.0.1 (linux64, gurobi_cl) logging started Sat Jun  8 18:10:32 2024

Set parameter Username
Set parameter LogFile to value "gurobi.log"
Academic license - for non-commercial use only - expires 2025-04-15
Using license file /home/agatha/gurobi.lic

Gurobi 10.0.1 (linux64, gurobi_cl) logging started Sat Jun  8 18:15:23 2024

Set parameter Username
Set parameter LogFile to value "gurobi.log"
Academic license - for non-commercial use only - expires 2025-04-15
Using license file /home/agatha/gurobi.lic

Gurobi 10.0.1 (linux64, gurobi_cl) logging started Sat Jun  8 18:15:31 2024

Set parameter Username
Set parameter LogFile to value "gurobi.log"
Academic license - for non-commercial use only - expires 2025-04-15
Using license file /home/agatha/gurobi.lic

Gurobi 10.0.1 (linux64, gurobi_cl) logging started Sat Jun  8 18:15:47 2024

Set parameter Username
Set parameter LogFile to value "gurobi.log"
Academic license - for non-commercial use only - expires 2025-04-15
Using license file /home/agatha/gurobi.lic

Gurobi 10.0.1 (linux64, gurobi_cl) logging started Sat Jun  8 18:17:49 2024

Set parameter Username
Set parameter LogFile to value "gurobi.log"
Academic license - for non-commercial use only - expires 2025-04-15
Using license file /home/agatha/gurobi.lic

Gurobi 10.0.1 (linux64, gurobi_cl) logging started Sat Jun  8 18:29:44 2024

Set parameter Username
Set parameter LogFile to value "gurobi.log"
Academic license - for non-commercial use only - expires 2025-04-15
Using license file /home/agatha/gurobi.lic

Gurobi 10.0.1 (linux64, gurobi_cl) logging started Sat Jun  8 18:29:45 2024

Set parameter Username
Set parameter LogFile to value "gurobi.log"
Academic license - for non-commercial use only - expires 2025-04-15
Using license file /home/agatha/gurobi.lic

Gurobi 10.0.1 (linux64, gurobi_cl) logging started Sat Jun  8 18:30:33 2024

Set parameter Username
Set parameter LogFile to value "gurobi.log"
Academic license - for non-commercial use only - expires 2025-04-15
Using license file /home/agatha/gurobi.lic

Gurobi 10.0.1 (linux64, gurobi_cl) logging started Sat Jun  8 18:30:34 2024

Set parameter Username
Set parameter LogFile to value "gurobi.log"
Academic license - for non-commercial use only - expires 2025-04-15
Using license file /home/agatha/gurobi.lic

Gurobi 10.0.1 (linux64, gurobi_cl) logging started Sat Jun  8 18:31:55 2024

Set parameter Username
Set parameter LogFile to value "gurobi.log"
Academic license - for non-commercial use only - expires 2025-04-15
Using license file /home/agatha/gurobi.lic

Gurobi 10.0.1 (linux64, gurobi_cl) logging started Sat Jun  8 18:31:56 2024

Set parameter Username
Set parameter LogFile to value "gurobi.log"
Academic license - for non-commercial use only - expires 2025-04-15
Using license file /home/agatha/gurobi.lic

Gurobi 10.0.1 (linux64, gurobi_cl) logging started Thu Jul  4 22:33:35 2024

Set parameter Username
Set parameter LogFile to value "gurobi.log"
Academic license - for non-commercial use only - expires 2025-04-15
Using license file /home/agatha/gurobi.lic

Gurobi 10.0.1 (linux64, gurobi_cl) logging started Thu Jul  4 22:33:37 2024

Set parameter Username
Set parameter LogFile to value "gurobi.log"
Academic license - for non-commercial use only - expires 2025-04-15
Using license file /home/agatha/gurobi.lic

Gurobi 10.0.1 (linux64, gurobi_cl) logging started Thu Jul  4 22:35:17 2024

Set parameter Username
Set parameter LogFile to value "gurobi.log"
Academic license - for non-commercial use only - expires 2025-04-15
Using license file /home/agatha/gurobi.lic

Gurobi 10.0.1 (linux64, gurobi_cl) logging started Thu Jul  4 22:35:18 2024

Set parameter Username
Set parameter LogFile to value "gurobi.log"
Academic license - for non-commercial use only - expires 2025-04-15
Using license file /home/agatha/gurobi.lic

Gurobi 10.0.1 (linux64, gurobi_cl) logging started Thu Jul  4 22:36:24 2024

Set parameter Username
Set parameter LogFile to value "gurobi.log"
Academic license - for non-commercial use only - expires 2025-04-15
Using license file /home/agatha/gurobi.lic

Gurobi 10.0.1 (linux64, gurobi_cl) logging started Thu Jul  4 22:36:44 2024

Set parameter Username
Set parameter LogFile to value "gurobi.log"
Academic license - for non-commercial use only - expires 2025-04-15
Using license file /home/agatha/gurobi.lic

Gurobi 10.0.1 (linux64, gurobi_cl) logging started Thu Jul  4 22:36:45 2024

Set parameter Username
Set parameter LogFile to value "gurobi.log"
Academic license - for non-commercial use only - expires 2025-04-15
Using license file /home/agatha/gurobi.lic

Gurobi 10.0.1 (linux64, gurobi_cl) logging started Thu Jul  4 22:37:48 2024

Set parameter Username
Set parameter LogFile to value "gurobi.log"
Academic license - for non-commercial use only - expires 2025-04-15
Using license file /home/agatha/gurobi.lic

Gurobi 10.0.1 (linux64, gurobi_cl) logging started Thu Jul  4 22:37:49 2024

Set parameter Username
Set parameter LogFile to value "gurobi.log"
Academic license - for non-commercial use only - expires 2025-04-15
Using license file /home/agatha/gurobi.lic

Gurobi 10.0.1 (linux64, gurobi_cl) logging started Thu Jul  4 22:38:28 2024

Set parameter Username
Set parameter LogFile to value "gurobi.log"
Academic license - for non-commercial use only - expires 2025-04-15
Using license file /home/agatha/gurobi.lic

Gurobi 10.0.1 (linux64, gurobi_cl) logging started Thu Jul  4 22:38:29 2024

Set parameter Username
Set parameter LogFile to value "gurobi.log"
Academic license - for non-commercial use only - expires 2025-04-15
Using license file /home/agatha/gurobi.lic

Gurobi 10.0.1 (linux64, gurobi_cl) logging started Thu Jul  4 22:46:38 2024

Set parameter Username
Set parameter LogFile to value "gurobi.log"
Academic license - for non-commercial use only - expires 2025-04-15
Using license file /home/agatha/gurobi.lic

Gurobi 10.0.1 (linux64, gurobi_cl) logging started Thu Jul  4 22:50:55 2024

Set parameter Username
Set parameter LogFile to value "gurobi.log"
Academic license - for non-commercial use only - expires 2025-04-15
Using license file /home/agatha/gurobi.lic

Gurobi 10.0.1 (linux64, gurobi_cl) logging started Thu Jul  4 22:51:28 2024

Set parameter Username
Set parameter LogFile to value "gurobi.log"
Academic license - for non-commercial use only - expires 2025-04-15
Using license file /home/agatha/gurobi.lic

Gurobi 10.0.1 (linux64, gurobi_cl) logging started Thu Jul  4 22:51:29 2024

Set parameter Username
Set parameter LogFile to value "gurobi.log"
Academic license - for non-commercial use only - expires 2025-04-15
Using license file /home/agatha/gurobi.lic

Gurobi 10.0.1 (linux64, gurobi_cl) logging started Thu Jul  4 22:53:53 2024

Set parameter Username
Set parameter LogFile to value "gurobi.log"
Academic license - for non-commercial use only - expires 2025-04-15
Using license file /home/agatha/gurobi.lic

Gurobi 10.0.1 (linux64, gurobi_cl) logging started Thu Jul  4 22:55:07 2024

Set parameter Username
Set parameter LogFile to value "gurobi.log"
Academic license - for non-commercial use only - expires 2025-04-15
Using license file /home/agatha/gurobi.lic

Gurobi 10.0.1 (linux64, gurobi_cl) logging started Thu Jul  4 22:59:17 2024

Set parameter Username
Set parameter LogFile to value "gurobi.log"
Academic license - for non-commercial use only - expires 2025-04-15
Using license file /home/agatha/gurobi.lic

Gurobi 10.0.1 (linux64, gurobi_cl) logging started Thu Jul  4 23:14:08 2024

Set parameter Username
Set parameter LogFile to value "gurobi.log"
Academic license - for non-commercial use only - expires 2025-04-15
Using license file /home/agatha/gurobi.lic

Gurobi 10.0.1 (linux64, gurobi_cl) logging started Thu Jul  4 23:14:09 2024

Set parameter Username
Set parameter LogFile to value "gurobi.log"
Academic license - for non-commercial use only - expires 2025-04-15
Using license file /home/agatha/gurobi.lic

Gurobi 10.0.1 (linux64, gurobi_cl) logging started Thu Jul  4 23:16:29 2024

Set parameter Username
Set parameter LogFile to value "gurobi.log"
Academic license - for non-commercial use only - expires 2025-04-15
Using license file /home/agatha/gurobi.lic

Gurobi 10.0.1 (linux64, gurobi_cl) logging started Thu Jul  4 23:16:30 2024

Set parameter Username
Set parameter LogFile to value "gurobi.log"
Academic license - for non-commercial use only - expires 2025-04-15
Using license file /home/agatha/gurobi.lic

Gurobi 10.0.1 (linux64, gurobi_cl) logging started Sun Jul 14 11:38:49 2024

Set parameter Username
Set parameter LogFile to value "gurobi.log"
Academic license - for non-commercial use only - expires 2025-04-15
Using license file /home/agatha/gurobi.lic

Gurobi 10.0.1 (linux64, gurobi_cl) logging started Sun Jul 14 11:39:19 2024

Set parameter Username
Set parameter LogFile to value "gurobi.log"
Academic license - for non-commercial use only - expires 2025-04-15
Using license file /home/agatha/gurobi.lic

Gurobi 10.0.1 (linux64, gurobi_cl) logging started Sun Jul 14 12:04:39 2024

Set parameter Username
Set parameter LogFile to value "gurobi.log"
Academic license - for non-commercial use only - expires 2025-04-15
Using license file /home/agatha/gurobi.lic

Gurobi 10.0.1 (linux64, gurobi_cl) logging started Sun Jul 14 12:04:40 2024

Set parameter Username
Set parameter LogFile to value "gurobi.log"
Academic license - for non-commercial use only - expires 2025-04-15
Using license file /home/agatha/gurobi.lic

Gurobi 10.0.1 (linux64, gurobi_cl) logging started Sun Jul 14 12:08:31 2024

Set parameter Username
Set parameter LogFile to value "gurobi.log"
Academic license - for non-commercial use only - expires 2025-04-15
Using license file /home/agatha/gurobi.lic

Gurobi 10.0.1 (linux64, gurobi_cl) logging started Sun Jul 14 12:08:32 2024

Set parameter Username
Set parameter LogFile to value "gurobi.log"
Academic license - for non-commercial use only - expires 2025-04-15
Using license file /home/agatha/gurobi.lic

Gurobi 10.0.1 (linux64, gurobi_cl) logging started Sun Jul 14 12:15:36 2024

Set parameter Username
Set parameter LogFile to value "gurobi.log"
Academic license - for non-commercial use only - expires 2025-04-15
Using license file /home/agatha/gurobi.lic

Gurobi 10.0.1 (linux64, gurobi_cl) logging started Sun Jul 14 12:15:37 2024

Set parameter Username
Set parameter LogFile to value "gurobi.log"
Academic license - for non-commercial use only - expires 2025-04-15
Using license file /home/agatha/gurobi.lic

Gurobi 10.0.1 (linux64, gurobi_cl) logging started Sun Jul 14 12:19:42 2024

Set parameter Username
Set parameter LogFile to value "gurobi.log"
Academic license - for non-commercial use only - expires 2025-04-15
Using license file /home/agatha/gurobi.lic

Gurobi 10.0.1 (linux64, gurobi_cl) logging started Sun Jul 14 12:19:43 2024

Set parameter Username
Set parameter LogFile to value "gurobi.log"
Academic license - for non-commercial use only - expires 2025-04-15
Using license file /home/agatha/gurobi.lic

Gurobi 10.0.1 (linux64, gurobi_cl) logging started Sun Jul 14 12:24:10 2024

Set parameter Username
Set parameter LogFile to value "gurobi.log"
Academic license - for non-commercial use only - expires 2025-04-15
Using license file /home/agatha/gurobi.lic

Gurobi 10.0.1 (linux64, gurobi_cl) logging started Sun Jul 14 12:24:11 2024

Set parameter Username
Set parameter LogFile to value "gurobi.log"
Academic license - for non-commercial use only - expires 2025-04-15
Using license file /home/agatha/gurobi.lic

Gurobi 10.0.1 (linux64, gurobi_cl) logging started Sun Jul 14 12:34:08 2024

Set parameter Username
Set parameter LogFile to value "gurobi.log"
Academic license - for non-commercial use only - expires 2025-04-15
Using license file /home/agatha/gurobi.lic

Gurobi 10.0.1 (linux64, gurobi_cl) logging started Sun Jul 14 12:34:09 2024

Set parameter Username
Set parameter LogFile to value "gurobi.log"
Academic license - for non-commercial use only - expires 2025-04-15
Using license file /home/agatha/gurobi.lic

Gurobi 10.0.1 (linux64, gurobi_cl) logging started Sun Jul 14 12:39:58 2024

Set parameter Username
Set parameter LogFile to value "gurobi.log"
Academic license - for non-commercial use only - expires 2025-04-15
Using license file /home/agatha/gurobi.lic

Gurobi 10.0.1 (linux64, gurobi_cl) logging started Sun Jul 14 12:39:59 2024

Set parameter Username
Set parameter LogFile to value "gurobi.log"
Academic license - for non-commercial use only - expires 2025-04-15
Using license file /home/agatha/gurobi.lic

Gurobi 10.0.1 (linux64, gurobi_cl) logging started Sun Jul 14 12:42:37 2024

Set parameter Username
Set parameter LogFile to value "gurobi.log"
Academic license - for non-commercial use only - expires 2025-04-15
Using license file /home/agatha/gurobi.lic

Gurobi 10.0.1 (linux64, gurobi_cl) logging started Sun Jul 14 12:42:38 2024

Set parameter Username
Set parameter LogFile to value "gurobi.log"
Academic license - for non-commercial use only - expires 2025-04-15
Using license file /home/agatha/gurobi.lic

Gurobi 10.0.1 (linux64, gurobi_cl) logging started Sun Jul 14 12:44:58 2024

Set parameter Username
Set parameter LogFile to value "gurobi.log"
Academic license - for non-commercial use only - expires 2025-04-15
Using license file /home/agatha/gurobi.lic

Gurobi 10.0.1 (linux64, gurobi_cl) logging started Sun Jul 14 12:44:59 2024

Set parameter Username
Set parameter LogFile to value "gurobi.log"
Academic license - for non-commercial use only - expires 2025-04-15
Using license file /home/agatha/gurobi.lic

Gurobi 10.0.1 (linux64, gurobi_cl) logging started Sun Jul 14 12:47:46 2024

Set parameter Username
Set parameter LogFile to value "gurobi.log"
Academic license - for non-commercial use only - expires 2025-04-15
Using license file /home/agatha/gurobi.lic

Gurobi 10.0.1 (linux64, gurobi_cl) logging started Sun Jul 14 12:47:48 2024

Set parameter Username
Set parameter LogFile to value "gurobi.log"
Academic license - for non-commercial use only - expires 2025-04-15
Using license file /home/agatha/gurobi.lic

Gurobi 10.0.1 (linux64, gurobi_cl) logging started Sun Jul 14 12:54:49 2024

Set parameter Username
Set parameter LogFile to value "gurobi.log"
Academic license - for non-commercial use only - expires 2025-04-15
Using license file /home/agatha/gurobi.lic

Gurobi 10.0.1 (linux64, gurobi_cl) logging started Sun Jul 14 12:54:50 2024

Set parameter Username
Set parameter LogFile to value "gurobi.log"
Academic license - for non-commercial use only - expires 2025-04-15
Using license file /home/agatha/gurobi.lic

Gurobi 10.0.1 (linux64, gurobi_cl) logging started Sun Jul 14 12:55:37 2024

Set parameter Username
Set parameter LogFile to value "gurobi.log"
Academic license - for non-commercial use only - expires 2025-04-15
Using license file /home/agatha/gurobi.lic

Gurobi 10.0.1 (linux64, gurobi_cl) logging started Sun Jul 14 12:55:38 2024

Set parameter Username
Set parameter LogFile to value "gurobi.log"
Academic license - for non-commercial use only - expires 2025-04-15
Using license file /home/agatha/gurobi.lic

Gurobi 10.0.1 (linux64, gurobi_cl) logging started Sun Jul 14 12:55:57 2024

Set parameter Username
Set parameter LogFile to value "gurobi.log"
Academic license - for non-commercial use only - expires 2025-04-15
Using license file /home/agatha/gurobi.lic

Gurobi 10.0.1 (linux64, gurobi_cl) logging started Sun Jul 14 12:55:58 2024

Set parameter Username
Set parameter LogFile to value "gurobi.log"
Academic license - for non-commercial use only - expires 2025-04-15
Using license file /home/agatha/gurobi.lic

Gurobi 10.0.1 (linux64, gurobi_cl) logging started Sun Jul 14 16:45:30 2024

Set parameter Username
Set parameter LogFile to value "gurobi.log"
Academic license - for non-commercial use only - expires 2025-04-15
Using license file /home/agatha/gurobi.lic

Gurobi 10.0.1 (linux64, gurobi_cl) logging started Sun Jul 14 16:46:45 2024

Set parameter Username
Set parameter LogFile to value "gurobi.log"
Academic license - for non-commercial use only - expires 2025-04-15
Using license file /home/agatha/gurobi.lic

Gurobi 10.0.1 (linux64, gurobi_cl) logging started Sun Jul 14 16:46:46 2024

Set parameter Username
Set parameter LogFile to value "gurobi.log"
Academic license - for non-commercial use only - expires 2025-04-15
Using license file /home/agatha/gurobi.lic

Gurobi 10.0.1 (linux64, gurobi_cl) logging started Sun Jul 14 16:56:00 2024

Set parameter Username
Set parameter LogFile to value "gurobi.log"
Academic license - for non-commercial use only - expires 2025-04-15
Using license file /home/agatha/gurobi.lic

Gurobi 10.0.1 (linux64, gurobi_cl) logging started Sun Jul 14 16:56:01 2024

Set parameter Username
Set parameter LogFile to value "gurobi.log"
Academic license - for non-commercial use only - expires 2025-04-15
Using license file /home/agatha/gurobi.lic

Gurobi 10.0.1 (linux64, gurobi_cl) logging started Sun Jul 14 16:56:42 2024

Set parameter Username
Set parameter LogFile to value "gurobi.log"
Academic license - for non-commercial use only - expires 2025-04-15
Using license file /home/agatha/gurobi.lic

Gurobi 10.0.1 (linux64, gurobi_cl) logging started Sun Jul 14 16:56:43 2024

Set parameter Username
Set parameter LogFile to value "gurobi.log"
Academic license - for non-commercial use only - expires 2025-04-15
Using license file /home/agatha/gurobi.lic

Gurobi 10.0.1 (linux64, gurobi_cl) logging started Sun Jul 14 16:59:34 2024

Set parameter Username
Set parameter LogFile to value "gurobi.log"
Academic license - for non-commercial use only - expires 2025-04-15
Using license file /home/agatha/gurobi.lic

Gurobi 10.0.1 (linux64, gurobi_cl) logging started Sun Jul 14 16:59:36 2024

Set parameter Username
Set parameter LogFile to value "gurobi.log"
Academic license - for non-commercial use only - expires 2025-04-15
Using license file /home/agatha/gurobi.lic

Gurobi 10.0.1 (linux64, gurobi_cl) logging started Sun Jul 14 17:02:31 2024

Set parameter Username
Set parameter LogFile to value "gurobi.log"
Academic license - for non-commercial use only - expires 2025-04-15
Using license file /home/agatha/gurobi.lic

Gurobi 10.0.1 (linux64, gurobi_cl) logging started Sun Jul 14 17:02:32 2024

Set parameter Username
Set parameter LogFile to value "gurobi.log"
Academic license - for non-commercial use only - expires 2025-04-15
Using license file /home/agatha/gurobi.lic

Gurobi 10.0.1 (linux64, gurobi_cl) logging started Sun Jul 14 17:06:23 2024

Set parameter Username
Set parameter LogFile to value "gurobi.log"
Academic license - for non-commercial use only - expires 2025-04-15
Using license file /home/agatha/gurobi.lic

Gurobi 10.0.1 (linux64, gurobi_cl) logging started Sun Jul 14 17:06:25 2024

Set parameter Username
Set parameter LogFile to value "gurobi.log"
Academic license - for non-commercial use only - expires 2025-04-15
Using license file /home/agatha/gurobi.lic

Gurobi 10.0.1 (linux64, gurobi_cl) logging started Sun Jul 14 17:16:30 2024

Set parameter Username
Set parameter LogFile to value "gurobi.log"
Academic license - for non-commercial use only - expires 2025-04-15
Using license file /home/agatha/gurobi.lic

Gurobi 10.0.1 (linux64, gurobi_cl) logging started Sun Jul 14 17:16:32 2024

Set parameter Username
Set parameter LogFile to value "gurobi.log"
Academic license - for non-commercial use only - expires 2025-04-15
Using license file /home/agatha/gurobi.lic

Gurobi 10.0.1 (linux64, gurobi_cl) logging started Sun Jul 14 17:25:33 2024

Set parameter Username
Set parameter LogFile to value "gurobi.log"
Academic license - for non-commercial use only - expires 2025-04-15
Using license file /home/agatha/gurobi.lic

Gurobi 10.0.1 (linux64, gurobi_cl) logging started Sun Jul 14 17:25:34 2024

Set parameter Username
Set parameter LogFile to value "gurobi.log"
Academic license - for non-commercial use only - expires 2025-04-15
Using license file /home/agatha/gurobi.lic

Gurobi 10.0.1 (linux64, gurobi_cl) logging started Sun Jul 14 17:26:16 2024

Set parameter Username
Set parameter LogFile to value "gurobi.log"
Academic license - for non-commercial use only - expires 2025-04-15
Using license file /home/agatha/gurobi.lic

Gurobi 10.0.1 (linux64, gurobi_cl) logging started Sun Jul 14 17:26:18 2024

Set parameter Username
Set parameter LogFile to value "gurobi.log"
Academic license - for non-commercial use only - expires 2025-04-15
Using license file /home/agatha/gurobi.lic

Gurobi 10.0.1 (linux64, gurobi_cl) logging started Sun Jul 14 18:22:56 2024

Set parameter Username
Set parameter LogFile to value "gurobi.log"
Academic license - for non-commercial use only - expires 2025-04-15
Using license file /home/agatha/gurobi.lic

Gurobi 10.0.1 (linux64, gurobi_cl) logging started Sun Jul 14 18:22:57 2024

Set parameter Username
Set parameter LogFile to value "gurobi.log"
Academic license - for non-commercial use only - expires 2025-04-15
Using license file /home/agatha/gurobi.lic

Gurobi 10.0.1 (linux64, gurobi_cl) logging started Sun Jul 14 18:26:39 2024

Set parameter Username
Set parameter LogFile to value "gurobi.log"
Academic license - for non-commercial use only - expires 2025-04-15
Using license file /home/agatha/gurobi.lic

Gurobi 10.0.1 (linux64, gurobi_cl) logging started Sun Jul 14 18:26:40 2024

Set parameter Username
Set parameter LogFile to value "gurobi.log"
Academic license - for non-commercial use only - expires 2025-04-15
Using license file /home/agatha/gurobi.lic

Gurobi 10.0.1 (linux64, gurobi_cl) logging started Sun Jul 14 18:28:37 2024

Set parameter Username
Set parameter LogFile to value "gurobi.log"
Academic license - for non-commercial use only - expires 2025-04-15
Using license file /home/agatha/gurobi.lic

Gurobi 10.0.1 (linux64, gurobi_cl) logging started Sun Jul 14 18:28:38 2024

Set parameter Username
Set parameter LogFile to value "gurobi.log"
Academic license - for non-commercial use only - expires 2025-04-15
Using license file /home/agatha/gurobi.lic

Gurobi 10.0.1 (linux64, gurobi_cl) logging started Sun Jul 14 19:09:19 2024

Set parameter Username
Set parameter LogFile to value "gurobi.log"
Academic license - for non-commercial use only - expires 2025-04-15
Using license file /home/agatha/gurobi.lic

Gurobi 10.0.1 (linux64, gurobi_cl) logging started Sun Jul 14 19:09:20 2024

Set parameter Username
Set parameter LogFile to value "gurobi.log"
Academic license - for non-commercial use only - expires 2025-04-15
Using license file /home/agatha/gurobi.lic

Gurobi 10.0.1 (linux64, gurobi_cl) logging started Sun Jul 14 19:10:50 2024

Set parameter Username
Set parameter LogFile to value "gurobi.log"
Academic license - for non-commercial use only - expires 2025-04-15
Using license file /home/agatha/gurobi.lic

Gurobi 10.0.1 (linux64, gurobi_cl) logging started Sun Jul 14 19:10:51 2024

Set parameter Username
Set parameter LogFile to value "gurobi.log"
Academic license - for non-commercial use only - expires 2025-04-15
Using license file /home/agatha/gurobi.lic

Gurobi 10.0.1 (linux64, gurobi_cl) logging started Sun Jul 14 19:12:34 2024

Set parameter Username
Set parameter LogFile to value "gurobi.log"
Academic license - for non-commercial use only - expires 2025-04-15
Using license file /home/agatha/gurobi.lic

Gurobi 10.0.1 (linux64, gurobi_cl) logging started Sun Jul 14 19:12:35 2024

Set parameter Username
Set parameter LogFile to value "gurobi.log"
Academic license - for non-commercial use only - expires 2025-04-15
Using license file /home/agatha/gurobi.lic

Gurobi 10.0.1 (linux64, gurobi_cl) logging started Sun Jul 14 19:21:15 2024

Set parameter Username
Set parameter LogFile to value "gurobi.log"
Academic license - for non-commercial use only - expires 2025-04-15
Using license file /home/agatha/gurobi.lic

Gurobi 10.0.1 (linux64, gurobi_cl) logging started Sun Jul 14 19:21:16 2024

Set parameter Username
Set parameter LogFile to value "gurobi.log"
Academic license - for non-commercial use only - expires 2025-04-15
Using license file /home/agatha/gurobi.lic

Gurobi 10.0.1 (linux64, gurobi_cl) logging started Sun Jul 14 19:27:06 2024

Set parameter Username
Set parameter LogFile to value "gurobi.log"
Academic license - for non-commercial use only - expires 2025-04-15
Using license file /home/agatha/gurobi.lic

Gurobi 10.0.1 (linux64, gurobi_cl) logging started Sun Jul 14 19:27:07 2024

Set parameter Username
Set parameter LogFile to value "gurobi.log"
Academic license - for non-commercial use only - expires 2025-04-15
Using license file /home/agatha/gurobi.lic

Gurobi 10.0.1 (linux64, gurobi_cl) logging started Sun Jul 14 19:28:03 2024

Set parameter Username
Set parameter LogFile to value "gurobi.log"
Academic license - for non-commercial use only - expires 2025-04-15
Using license file /home/agatha/gurobi.lic

Gurobi 10.0.1 (linux64, gurobi_cl) logging started Sun Jul 14 19:28:04 2024

Set parameter Username
Set parameter LogFile to value "gurobi.log"
Academic license - for non-commercial use only - expires 2025-04-15
Using license file /home/agatha/gurobi.lic

Gurobi 10.0.1 (linux64, gurobi_cl) logging started Sun Jul 14 19:29:14 2024

Set parameter Username
Set parameter LogFile to value "gurobi.log"
Academic license - for non-commercial use only - expires 2025-04-15
Using license file /home/agatha/gurobi.lic

Gurobi 10.0.1 (linux64, gurobi_cl) logging started Sun Jul 14 19:29:15 2024

Set parameter Username
Set parameter LogFile to value "gurobi.log"
Academic license - for non-commercial use only - expires 2025-04-15
Using license file /home/agatha/gurobi.lic

Gurobi 10.0.1 (linux64, gurobi_cl) logging started Sun Jul 14 19:33:00 2024

Set parameter Username
Set parameter LogFile to value "gurobi.log"
Academic license - for non-commercial use only - expires 2025-04-15
Using license file /home/agatha/gurobi.lic

Gurobi 10.0.1 (linux64, gurobi_cl) logging started Sun Jul 14 19:33:01 2024

Set parameter Username
Set parameter LogFile to value "gurobi.log"
Academic license - for non-commercial use only - expires 2025-04-15
Using license file /home/agatha/gurobi.lic

Gurobi 10.0.1 (linux64, gurobi_cl) logging started Sun Jul 14 19:40:55 2024

Set parameter Username
Set parameter LogFile to value "gurobi.log"
Academic license - for non-commercial use only - expires 2025-04-15
Using license file /home/agatha/gurobi.lic

Gurobi 10.0.1 (linux64, gurobi_cl) logging started Sun Jul 14 19:40:56 2024

Set parameter Username
Set parameter LogFile to value "gurobi.log"
Academic license - for non-commercial use only - expires 2025-04-15
Using license file /home/agatha/gurobi.lic

Gurobi 10.0.1 (linux64, gurobi_cl) logging started Sun Jul 14 19:43:43 2024

Set parameter Username
Set parameter LogFile to value "gurobi.log"
Academic license - for non-commercial use only - expires 2025-04-15
Using license file /home/agatha/gurobi.lic

Gurobi 10.0.1 (linux64, gurobi_cl) logging started Sun Jul 14 19:43:44 2024

Set parameter Username
Set parameter LogFile to value "gurobi.log"
Academic license - for non-commercial use only - expires 2025-04-15
Using license file /home/agatha/gurobi.lic

Gurobi 10.0.1 (linux64, gurobi_cl) logging started Sun Jul 14 19:48:41 2024

Set parameter Username
Set parameter LogFile to value "gurobi.log"
Academic license - for non-commercial use only - expires 2025-04-15
Using license file /home/agatha/gurobi.lic

Gurobi 10.0.1 (linux64, gurobi_cl) logging started Sun Jul 14 19:48:43 2024

Set parameter Username
Set parameter LogFile to value "gurobi.log"
Academic license - for non-commercial use only - expires 2025-04-15
Using license file /home/agatha/gurobi.lic

Gurobi 10.0.1 (linux64, gurobi_cl) logging started Sun Jul 14 19:50:10 2024

Set parameter Username
Set parameter LogFile to value "gurobi.log"
Academic license - for non-commercial use only - expires 2025-04-15
Using license file /home/agatha/gurobi.lic

Gurobi 10.0.1 (linux64, gurobi_cl) logging started Sun Jul 14 19:50:11 2024

Set parameter Username
Set parameter LogFile to value "gurobi.log"
Academic license - for non-commercial use only - expires 2025-04-15
Using license file /home/agatha/gurobi.lic

Gurobi 10.0.1 (linux64, gurobi_cl) logging started Sun Jul 14 20:06:33 2024

Set parameter Username
Set parameter LogFile to value "gurobi.log"
Academic license - for non-commercial use only - expires 2025-04-15
Using license file /home/agatha/gurobi.lic

Gurobi 10.0.1 (linux64, gurobi_cl) logging started Sun Jul 14 20:06:34 2024

Set parameter Username
Set parameter LogFile to value "gurobi.log"
Academic license - for non-commercial use only - expires 2025-04-15
Using license file /home/agatha/gurobi.lic

Gurobi 10.0.1 (linux64, gurobi_cl) logging started Sun Jul 14 20:07:30 2024

Set parameter Username
Set parameter LogFile to value "gurobi.log"
Academic license - for non-commercial use only - expires 2025-04-15
Using license file /home/agatha/gurobi.lic

Gurobi 10.0.1 (linux64, gurobi_cl) logging started Sun Jul 14 20:07:31 2024

Set parameter Username
Set parameter LogFile to value "gurobi.log"
Academic license - for non-commercial use only - expires 2025-04-15
Using license file /home/agatha/gurobi.lic

Gurobi 10.0.1 (linux64, gurobi_cl) logging started Sun Jul 14 20:11:26 2024

Set parameter Username
Set parameter LogFile to value "gurobi.log"
Academic license - for non-commercial use only - expires 2025-04-15
Using license file /home/agatha/gurobi.lic

Gurobi 10.0.1 (linux64, gurobi_cl) logging started Sun Jul 14 20:11:27 2024

Set parameter Username
Set parameter LogFile to value "gurobi.log"
Academic license - for non-commercial use only - expires 2025-04-15
Using license file /home/agatha/gurobi.lic

Gurobi 10.0.1 (linux64, gurobi_cl) logging started Sun Jul 14 20:12:06 2024

Set parameter Username
Set parameter LogFile to value "gurobi.log"
Academic license - for non-commercial use only - expires 2025-04-15
Using license file /home/agatha/gurobi.lic

Gurobi 10.0.1 (linux64, gurobi_cl) logging started Sun Jul 14 20:12:07 2024

Set parameter Username
Set parameter LogFile to value "gurobi.log"
Academic license - for non-commercial use only - expires 2025-04-15
Using license file /home/agatha/gurobi.lic

Gurobi 10.0.1 (linux64, gurobi_cl) logging started Sun Jul 14 20:16:11 2024

Set parameter Username
Set parameter LogFile to value "gurobi.log"
Academic license - for non-commercial use only - expires 2025-04-15
Using license file /home/agatha/gurobi.lic

Gurobi 10.0.1 (linux64, gurobi_cl) logging started Sun Jul 14 20:16:12 2024

Set parameter Username
Set parameter LogFile to value "gurobi.log"
Academic license - for non-commercial use only - expires 2025-04-15
Using license file /home/agatha/gurobi.lic

Gurobi 10.0.1 (linux64, gurobi_cl) logging started Sun Jul 14 20:20:53 2024

Set parameter Username
Set parameter LogFile to value "gurobi.log"
Academic license - for non-commercial use only - expires 2025-04-15
Using license file /home/agatha/gurobi.lic

Gurobi 10.0.1 (linux64, gurobi_cl) logging started Sun Jul 14 20:20:54 2024

Set parameter Username
Set parameter LogFile to value "gurobi.log"
Academic license - for non-commercial use only - expires 2025-04-15
Using license file /home/agatha/gurobi.lic

Gurobi 10.0.1 (linux64, gurobi_cl) logging started Sun Jul 14 20:24:20 2024

Set parameter Username
Set parameter LogFile to value "gurobi.log"
Academic license - for non-commercial use only - expires 2025-04-15
Using license file /home/agatha/gurobi.lic

Gurobi 10.0.1 (linux64, gurobi_cl) logging started Sun Jul 14 20:24:21 2024

Set parameter Username
Set parameter LogFile to value "gurobi.log"
Academic license - for non-commercial use only - expires 2025-04-15
Using license file /home/agatha/gurobi.lic

Gurobi 10.0.1 (linux64, gurobi_cl) logging started Sun Jul 14 20:39:08 2024

Set parameter Username
Set parameter LogFile to value "gurobi.log"
Academic license - for non-commercial use only - expires 2025-04-15
Using license file /home/agatha/gurobi.lic

Gurobi 10.0.1 (linux64, gurobi_cl) logging started Sun Jul 14 20:39:09 2024

Set parameter Username
Set parameter LogFile to value "gurobi.log"
Academic license - for non-commercial use only - expires 2025-04-15
Using license file /home/agatha/gurobi.lic

Gurobi 10.0.1 (linux64, gurobi_cl) logging started Sun Jul 14 20:41:10 2024

Set parameter Username
Set parameter LogFile to value "gurobi.log"
Academic license - for non-commercial use only - expires 2025-04-15
Using license file /home/agatha/gurobi.lic

Gurobi 10.0.1 (linux64, gurobi_cl) logging started Sun Jul 14 20:41:11 2024

Set parameter Username
Set parameter LogFile to value "gurobi.log"
Academic license - for non-commercial use only - expires 2025-04-15
Using license file /home/agatha/gurobi.lic

Gurobi 10.0.1 (linux64, gurobi_cl) logging started Sun Jul 14 20:47:40 2024

Set parameter Username
Set parameter LogFile to value "gurobi.log"
Academic license - for non-commercial use only - expires 2025-04-15
Using license file /home/agatha/gurobi.lic

Gurobi 10.0.1 (linux64, gurobi_cl) logging started Sun Jul 14 20:47:41 2024

Set parameter Username
Set parameter LogFile to value "gurobi.log"
Academic license - for non-commercial use only - expires 2025-04-15
Using license file /home/agatha/gurobi.lic

Gurobi 10.0.1 (linux64, gurobi_cl) logging started Sun Jul 14 20:49:02 2024

Set parameter Username
Set parameter LogFile to value "gurobi.log"
Academic license - for non-commercial use only - expires 2025-04-15
Using license file /home/agatha/gurobi.lic

Gurobi 10.0.1 (linux64, gurobi_cl) logging started Sun Jul 14 20:51:13 2024

Set parameter Username
Set parameter LogFile to value "gurobi.log"
Academic license - for non-commercial use only - expires 2025-04-15
Using license file /home/agatha/gurobi.lic

Gurobi 10.0.1 (linux64, gurobi_cl) logging started Sun Jul 14 20:54:59 2024

Set parameter Username
Set parameter LogFile to value "gurobi.log"
Academic license - for non-commercial use only - expires 2025-04-15
Using license file /home/agatha/gurobi.lic

Gurobi 10.0.1 (linux64, gurobi_cl) logging started Sun Jul 14 20:57:43 2024

Set parameter Username
Set parameter LogFile to value "gurobi.log"
Academic license - for non-commercial use only - expires 2025-04-15
Using license file /home/agatha/gurobi.lic

Gurobi 10.0.1 (linux64, gurobi_cl) logging started Sun Jul 14 20:59:47 2024

Set parameter Username
Set parameter LogFile to value "gurobi.log"
Academic license - for non-commercial use only - expires 2025-04-15
Using license file /home/agatha/gurobi.lic

Gurobi 10.0.1 (linux64, gurobi_cl) logging started Sun Jul 14 21:05:04 2024

Set parameter Username
Set parameter LogFile to value "gurobi.log"
Academic license - for non-commercial use only - expires 2025-04-15
Using license file /home/agatha/gurobi.lic

Gurobi 10.0.1 (linux64, gurobi_cl) logging started Sun Jul 14 21:05:05 2024

Set parameter Username
Set parameter LogFile to value "gurobi.log"
Academic license - for non-commercial use only - expires 2025-04-15
Using license file /home/agatha/gurobi.lic

Gurobi 10.0.1 (linux64, gurobi_cl) logging started Sun Jul 14 21:09:58 2024

Set parameter Username
Set parameter LogFile to value "gurobi.log"
Academic license - for non-commercial use only - expires 2025-04-15
Using license file /home/agatha/gurobi.lic

Gurobi 10.0.1 (linux64, gurobi_cl) logging started Sun Jul 14 21:09:59 2024

Set parameter Username
Set parameter LogFile to value "gurobi.log"
Academic license - for non-commercial use only - expires 2025-04-15
Using license file /home/agatha/gurobi.lic
